[debug] [2020-01-21T08:07:45.780Z] ----------------------------------------------------------------------
[debug] [2020-01-21T08:07:45.782Z] Command:       /usr/local/bin/node /Users/lap12865/.npm-global/bin/firebase serve --only functions
[debug] [2020-01-21T08:07:45.782Z] CLI Version:   7.11.0
[debug] [2020-01-21T08:07:45.782Z] Platform:      darwin
[debug] [2020-01-21T08:07:45.782Z] Node Version:  v10.16.0
[debug] [2020-01-21T08:07:45.783Z] Time:          Tue Jan 21 2020 15:07:45 GMT+0700 (Indochina Time)
[debug] [2020-01-21T08:07:45.783Z] ----------------------------------------------------------------------
[debug] [2020-01-21T08:07:45.783Z] 
[debug] [2020-01-21T08:07:45.792Z] > command requires scopes: ["email","openid","https://www.googleapis.com/auth/cloudplatformprojects.readonly","https://www.googleapis.com/auth/firebase","https://www.googleapis.com/auth/cloud-platform"]
[debug] [2020-01-21T08:07:45.792Z] > authorizing via signed-in user
[debug] [2020-01-21T08:07:45.793Z] [iam] checking project cayghe-621b3 for permissions ["firebase.projects.get"]
[debug] [2020-01-21T08:07:45.794Z] > refreshing access token with scopes: ["email","https://www.googleapis.com/auth/cloud-platform","https://www.googleapis.com/auth/cloudplatformprojects.readonly","https://www.googleapis.com/auth/firebase","openid"]
[debug] [2020-01-21T08:07:45.794Z] >>> HTTP REQUEST POST https://www.googleapis.com/oauth2/v3/token  
 <request body omitted>
[debug] [2020-01-21T08:07:46.076Z] <<< HTTP RESPONSE 200
[debug] [2020-01-21T08:07:46.094Z] >>> HTTP REQUEST POST https://cloudresourcemanager.googleapis.com/v1/projects/cayghe-621b3:testIamPermissions  

[debug] [2020-01-21T08:07:47.263Z] <<< HTTP RESPONSE 200
[debug] [2020-01-21T08:07:47.265Z] >>> HTTP REQUEST GET https://firebase.googleapis.com/v1beta1/projects/cayghe-621b3  
 
[debug] [2020-01-21T08:07:47.876Z] <<< HTTP RESPONSE 200
[warn] ⚠  Your requested "node" version "8" doesn't match your global version "10"
[info] ✔  functions: Emulator started at http://localhost:5000
[info] i  functions: Watching "/Users/lap12865/Desktop/cayghe-social/fcf-nodejs/functions" for Cloud Functions...
[debug] [2020-01-21T08:07:48.163Z] [worker-pool] addWorker(~diagnostic~)
[debug] [2020-01-21T08:07:48.163Z] [worker-pool] Adding worker with key ~diagnostic~, total=1
[debug] [2020-01-21T08:07:48.163Z] [worker-pool] submitWork(triggerId=)
[debug] [2020-01-21T08:07:48.163Z] [worker-~diagnostic~-71d39ff4-7d79-4c78-89a5-3eff8b2331dc]: Assigning socketPath: /var/folders/f1/9b35xs7n3f77fbc1hz_8fx880000gn/T/fire_emu_3484.sock
[debug] [2020-01-21T08:07:48.164Z] [worker-~diagnostic~-71d39ff4-7d79-4c78-89a5-3eff8b2331dc]: BUSY
[debug] [2020-01-21T08:07:48.454Z] [runtime-status] [3484] Functions runtime initialized. {"cwd":"/Users/lap12865/Desktop/cayghe-social/fcf-nodejs/functions","node_version":"10.16.0"}
[debug] [2020-01-21T08:07:48.456Z] [runtime-status] [3484] Disabled runtime features: {"functions_config_helper":true,"network_filtering":true,"timeout":true,"memory_limiting":true,"admin_stubs":true,"pubsub_emulator":true}
[debug] [2020-01-21T08:07:48.457Z] [runtime-status] [3484] Resolved module firebase-admin {"declared":true,"installed":true,"version":"8.9.0","resolution":"/Users/lap12865/Desktop/cayghe-social/fcf-nodejs/functions/node_modules/firebase-admin/lib/index.js"}
[debug] [2020-01-21T08:07:48.458Z] [runtime-status] [3484] Resolved module firebase-functions {"declared":true,"installed":true,"version":"3.3.0","resolution":"/Users/lap12865/Desktop/cayghe-social/fcf-nodejs/functions/node_modules/firebase-functions/lib/index.js"}
[debug] [2020-01-21T08:07:48.459Z] [runtime-status] [3484] Resolved module firebase-functions {"declared":true,"installed":true,"version":"3.3.0","resolution":"/Users/lap12865/Desktop/cayghe-social/fcf-nodejs/functions/node_modules/firebase-functions/lib/index.js"}
[info] ✔  functions[api]: http function initialized (http://localhost:5000/cayghe-621b3/us-central1/api).
[debug] [2020-01-21T08:07:49.037Z] [worker-~diagnostic~-71d39ff4-7d79-4c78-89a5-3eff8b2331dc]: IDLE
[debug] [2020-01-21T08:07:59.909Z] [work-queue] {"queueLength":1,"workRunningCount":0}
[debug] [2020-01-21T08:07:59.910Z] [work-queue] {"queueLength":0,"workRunningCount":1}
[debug] [2020-01-21T08:07:59.910Z] Accepted request GET /cayghe-621b3/us-central1/api/get-product/adidas-yung-1-collegiate-navy --> api
[debug] [2020-01-21T08:07:59.918Z] [worker-pool] addWorker(api)
[debug] [2020-01-21T08:07:59.918Z] [worker-pool] Adding worker with key api, total=1
[debug] [2020-01-21T08:07:59.918Z] [worker-pool] submitWork(triggerId=api)
[debug] [2020-01-21T08:07:59.919Z] [worker-api-e01fbb66-73dc-45a7-a311-ff7a8a458dc9]: Assigning socketPath: /var/folders/f1/9b35xs7n3f77fbc1hz_8fx880000gn/T/fire_emu_3485.sock
[debug] [2020-01-21T08:07:59.919Z] [worker-api-e01fbb66-73dc-45a7-a311-ff7a8a458dc9]: BUSY
[debug] [2020-01-21T08:08:00.572Z] [runtime-status] [3485] Functions runtime initialized. {"cwd":"/Users/lap12865/Desktop/cayghe-social/fcf-nodejs/functions","node_version":"10.16.0"}
[debug] [2020-01-21T08:08:00.574Z] [runtime-status] [3485] Disabled runtime features: {"functions_config_helper":true,"network_filtering":true,"timeout":true,"memory_limiting":true,"admin_stubs":true,"pubsub_emulator":true}
[debug] [2020-01-21T08:08:00.576Z] [runtime-status] [3485] Resolved module firebase-admin {"declared":true,"installed":true,"version":"8.9.0","resolution":"/Users/lap12865/Desktop/cayghe-social/fcf-nodejs/functions/node_modules/firebase-admin/lib/index.js"}
[debug] [2020-01-21T08:08:00.577Z] [runtime-status] [3485] Resolved module firebase-functions {"declared":true,"installed":true,"version":"3.3.0","resolution":"/Users/lap12865/Desktop/cayghe-social/fcf-nodejs/functions/node_modules/firebase-functions/lib/index.js"}
[debug] [2020-01-21T08:08:00.578Z] [runtime-status] [3485] Resolved module firebase-functions {"declared":true,"installed":true,"version":"3.3.0","resolution":"/Users/lap12865/Desktop/cayghe-social/fcf-nodejs/functions/node_modules/firebase-functions/lib/index.js"}
[debug] [2020-01-21T08:08:01.005Z] [runtime-status] [3485] Trigger "api" has been found, beginning invocation!
[info] i  functions: Beginning execution of "api"
[debug] [2020-01-21T08:08:01.006Z] [runtime-status] [3485] triggerDefinition {"httpsTrigger":{},"name":"api","entryPoint":"api"}
[debug] [2020-01-21T08:08:01.006Z] [runtime-status] [3485] Running api in mode HTTPS
[debug] [2020-01-21T08:08:01.009Z] [runtime-status] [3485] Attempting to listen to socketPath: /var/folders/f1/9b35xs7n3f77fbc1hz_8fx880000gn/T/fire_emu_3485.sock
[debug] [2020-01-21T08:08:01.017Z] [functions] Runtime ready! Sending request!
[debug] [2020-01-21T08:08:01.063Z] [runtime-status] [3485] Ephemeral server handling GET request
[debug] [2020-01-21T08:08:01.069Z] [runtime-status] [3485] Ephemeral server survived.
[info] >  [2020-01-21T08:08:02.328Z]  @firebase/database: FIREBASE WARNING: Using an unspecified index. Your data will be downloaded and filtered on the client. Consider adding ".indexOn": "alias" at /products to your security rules for better performance. 
[info] i  functions: Finished "api" in ~1s
[debug] [2020-01-21T08:08:02.332Z] [worker-api-e01fbb66-73dc-45a7-a311-ff7a8a458dc9]: IDLE
[debug] [2020-01-21T08:08:02.332Z] [work-queue] {"queueLength":0,"workRunningCount":0}
[debug] [2020-01-21T08:08:07.974Z] [work-queue] {"queueLength":1,"workRunningCount":0}
[debug] [2020-01-21T08:08:07.974Z] [work-queue] {"queueLength":0,"workRunningCount":1}
[debug] [2020-01-21T08:08:07.974Z] Accepted request GET /cayghe-621b3/us-central1/api/get-product/adidas-yung-1-collegiate-navy --> api
[debug] [2020-01-21T08:08:07.974Z] [worker-pool] submitWork(triggerId=api)
[debug] [2020-01-21T08:08:07.975Z] [worker-api-e01fbb66-73dc-45a7-a311-ff7a8a458dc9]: Assigning socketPath: /var/folders/f1/9b35xs7n3f77fbc1hz_8fx880000gn/T/fire_emu_3485.sock
[debug] [2020-01-21T08:08:07.975Z] [worker-api-e01fbb66-73dc-45a7-a311-ff7a8a458dc9]: BUSY
[debug] [2020-01-21T08:08:07.979Z] [runtime-status] [3485] Trigger "api" has been found, beginning invocation!
[info] i  functions: Beginning execution of "api"
[debug] [2020-01-21T08:08:07.979Z] [runtime-status] [3485] triggerDefinition {"httpsTrigger":{},"name":"api","entryPoint":"api"}
[debug] [2020-01-21T08:08:07.979Z] [runtime-status] [3485] Running api in mode HTTPS
[debug] [2020-01-21T08:08:07.979Z] [runtime-status] [3485] Attempting to listen to socketPath: /var/folders/f1/9b35xs7n3f77fbc1hz_8fx880000gn/T/fire_emu_3485.sock
[debug] [2020-01-21T08:08:07.980Z] [functions] Runtime ready! Sending request!
[debug] [2020-01-21T08:08:07.987Z] [runtime-status] [3485] Ephemeral server handling GET request
[debug] [2020-01-21T08:08:07.987Z] [runtime-status] [3485] Ephemeral server survived.
[info] >  [2020-01-21T08:08:08.214Z]  @firebase/database: FIREBASE WARNING: Using an unspecified index. Your data will be downloaded and filtered on the client. Consider adding ".indexOn": "alias" at /products to your security rules for better performance. 
[info] i  functions: Finished "api" in ~1s
[debug] [2020-01-21T08:08:08.217Z] [worker-api-e01fbb66-73dc-45a7-a311-ff7a8a458dc9]: IDLE
[debug] [2020-01-21T08:08:08.217Z] [work-queue] {"queueLength":0,"workRunningCount":0}
[debug] [2020-01-21T08:09:40.025Z] [work-queue] {"queueLength":1,"workRunningCount":0}
[debug] [2020-01-21T08:09:40.026Z] [work-queue] {"queueLength":0,"workRunningCount":1}
[debug] [2020-01-21T08:09:40.026Z] Accepted request GET /cayghe-621b3/us-central1/api/get-product/adidas-yung-1-collegiate-navy --> api
[debug] [2020-01-21T08:09:40.026Z] [worker-pool] submitWork(triggerId=api)
[debug] [2020-01-21T08:09:40.026Z] [worker-api-e01fbb66-73dc-45a7-a311-ff7a8a458dc9]: Assigning socketPath: /var/folders/f1/9b35xs7n3f77fbc1hz_8fx880000gn/T/fire_emu_3485.sock
[debug] [2020-01-21T08:09:40.026Z] [worker-api-e01fbb66-73dc-45a7-a311-ff7a8a458dc9]: BUSY
[debug] [2020-01-21T08:09:40.029Z] [runtime-status] [3485] Trigger "api" has been found, beginning invocation!
[info] i  functions: Beginning execution of "api"
[debug] [2020-01-21T08:09:40.029Z] [runtime-status] [3485] triggerDefinition {"httpsTrigger":{},"name":"api","entryPoint":"api"}
[debug] [2020-01-21T08:09:40.030Z] [runtime-status] [3485] Running api in mode HTTPS
[debug] [2020-01-21T08:09:40.030Z] [runtime-status] [3485] Attempting to listen to socketPath: /var/folders/f1/9b35xs7n3f77fbc1hz_8fx880000gn/T/fire_emu_3485.sock
[debug] [2020-01-21T08:09:40.033Z] [functions] Runtime ready! Sending request!
[debug] [2020-01-21T08:09:40.042Z] [runtime-status] [3485] Ephemeral server handling GET request
[debug] [2020-01-21T08:09:40.042Z] [runtime-status] [3485] Ephemeral server survived.
[info] >  [2020-01-21T08:09:40.269Z]  @firebase/database: FIREBASE WARNING: Using an unspecified index. Your data will be downloaded and filtered on the client. Consider adding ".indexOn": "alias" at /products to your security rules for better performance. 
[info] i  functions: Finished "api" in ~1s
[debug] [2020-01-21T08:09:40.271Z] [worker-api-e01fbb66-73dc-45a7-a311-ff7a8a458dc9]: IDLE
[debug] [2020-01-21T08:09:40.272Z] [work-queue] {"queueLength":0,"workRunningCount":0}
[debug] [2020-01-21T08:09:46.024Z] [work-queue] {"queueLength":1,"workRunningCount":0}
[debug] [2020-01-21T08:09:46.024Z] [work-queue] {"queueLength":0,"workRunningCount":1}
[debug] [2020-01-21T08:09:46.025Z] Accepted request GET /cayghe-621b3/us-central1/api/get-product/adidas-yung-1-collegiate-navy --> api
[debug] [2020-01-21T08:09:46.025Z] [worker-pool] submitWork(triggerId=api)
[debug] [2020-01-21T08:09:46.025Z] [worker-api-e01fbb66-73dc-45a7-a311-ff7a8a458dc9]: Assigning socketPath: /var/folders/f1/9b35xs7n3f77fbc1hz_8fx880000gn/T/fire_emu_3485.sock
[debug] [2020-01-21T08:09:46.025Z] [worker-api-e01fbb66-73dc-45a7-a311-ff7a8a458dc9]: BUSY
[debug] [2020-01-21T08:09:46.025Z] [work-queue] {"queueLength":1,"workRunningCount":1}
[debug] [2020-01-21T08:09:46.025Z] [work-queue] {"queueLength":0,"workRunningCount":2}
[debug] [2020-01-21T08:09:46.025Z] Accepted request GET /cayghe-621b3/us-central1/api/get-product-related/adidas-yung-1-collegiate-navy --> api
[debug] [2020-01-21T08:09:46.029Z] [worker-pool] addWorker(api)
[debug] [2020-01-21T08:09:46.029Z] [worker-pool] Adding worker with key api, total=2
[debug] [2020-01-21T08:09:46.029Z] [worker-pool] submitWork(triggerId=api)
[debug] [2020-01-21T08:09:46.029Z] [worker-api-c6356be3-ebec-4092-844d-f277b715d3d7]: Assigning socketPath: /var/folders/f1/9b35xs7n3f77fbc1hz_8fx880000gn/T/fire_emu_3510.sock
[debug] [2020-01-21T08:09:46.029Z] [worker-api-c6356be3-ebec-4092-844d-f277b715d3d7]: BUSY
[debug] [2020-01-21T08:09:46.030Z] [runtime-status] [3485] Trigger "api" has been found, beginning invocation!
[info] i  functions: Beginning execution of "api"
[debug] [2020-01-21T08:09:46.030Z] [runtime-status] [3485] triggerDefinition {"httpsTrigger":{},"name":"api","entryPoint":"api"}
[debug] [2020-01-21T08:09:46.030Z] [runtime-status] [3485] Running api in mode HTTPS
[debug] [2020-01-21T08:09:46.030Z] [runtime-status] [3485] Attempting to listen to socketPath: /var/folders/f1/9b35xs7n3f77fbc1hz_8fx880000gn/T/fire_emu_3485.sock
[debug] [2020-01-21T08:09:46.032Z] [functions] Runtime ready! Sending request!
[debug] [2020-01-21T08:09:46.035Z] [runtime-status] [3485] Ephemeral server handling GET request
[debug] [2020-01-21T08:09:46.036Z] [runtime-status] [3485] Ephemeral server survived.
[info] >  [2020-01-21T08:09:46.261Z]  @firebase/database: FIREBASE WARNING: Using an unspecified index. Your data will be downloaded and filtered on the client. Consider adding ".indexOn": "alias" at /products to your security rules for better performance. 
[info] i  functions: Finished "api" in ~1s
[debug] [2020-01-21T08:09:46.263Z] [worker-api-e01fbb66-73dc-45a7-a311-ff7a8a458dc9]: IDLE
[debug] [2020-01-21T08:09:46.263Z] [work-queue] {"queueLength":0,"workRunningCount":1}
[debug] [2020-01-21T08:09:46.676Z] [runtime-status] [3510] Functions runtime initialized. {"cwd":"/Users/lap12865/Desktop/cayghe-social/fcf-nodejs/functions","node_version":"10.16.0"}
[debug] [2020-01-21T08:09:46.678Z] [runtime-status] [3510] Disabled runtime features: {"functions_config_helper":true,"network_filtering":true,"timeout":true,"memory_limiting":true,"admin_stubs":true,"pubsub_emulator":true}
[debug] [2020-01-21T08:09:46.681Z] [runtime-status] [3510] Resolved module firebase-admin {"declared":true,"installed":true,"version":"8.9.0","resolution":"/Users/lap12865/Desktop/cayghe-social/fcf-nodejs/functions/node_modules/firebase-admin/lib/index.js"}
[debug] [2020-01-21T08:09:46.682Z] [runtime-status] [3510] Resolved module firebase-functions {"declared":true,"installed":true,"version":"3.3.0","resolution":"/Users/lap12865/Desktop/cayghe-social/fcf-nodejs/functions/node_modules/firebase-functions/lib/index.js"}
[debug] [2020-01-21T08:09:46.683Z] [runtime-status] [3510] Resolved module firebase-functions {"declared":true,"installed":true,"version":"3.3.0","resolution":"/Users/lap12865/Desktop/cayghe-social/fcf-nodejs/functions/node_modules/firebase-functions/lib/index.js"}
[debug] [2020-01-21T08:09:47.492Z] [runtime-status] [3510] Trigger "api" has been found, beginning invocation!
[info] i  functions: Beginning execution of "api"
[debug] [2020-01-21T08:09:47.493Z] [runtime-status] [3510] triggerDefinition {"httpsTrigger":{},"name":"api","entryPoint":"api"}
[debug] [2020-01-21T08:09:47.493Z] [runtime-status] [3510] Running api in mode HTTPS
[debug] [2020-01-21T08:09:47.504Z] [runtime-status] [3510] Attempting to listen to socketPath: /var/folders/f1/9b35xs7n3f77fbc1hz_8fx880000gn/T/fire_emu_3510.sock
[debug] [2020-01-21T08:09:47.528Z] [functions] Runtime ready! Sending request!
[debug] [2020-01-21T08:09:47.549Z] [runtime-status] [3510] Ephemeral server handling GET request
[debug] [2020-01-21T08:09:47.560Z] [runtime-status] [3510] Ephemeral server survived.
[info] i  functions: Finished "api" in ~1s
[debug] [2020-01-21T08:09:48.862Z] [worker-api-c6356be3-ebec-4092-844d-f277b715d3d7]: IDLE
[debug] [2020-01-21T08:09:48.862Z] [work-queue] {"queueLength":0,"workRunningCount":0}
[debug] [2020-01-21T08:09:54.259Z] [work-queue] {"queueLength":1,"workRunningCount":0}
[debug] [2020-01-21T08:09:54.259Z] [work-queue] {"queueLength":0,"workRunningCount":1}
[debug] [2020-01-21T08:09:54.259Z] Accepted request GET /cayghe-621b3/us-central1/api/get-product/ultraboost-s&l-glow-orange-coral --> api
[debug] [2020-01-21T08:09:54.259Z] [worker-pool] submitWork(triggerId=api)
[debug] [2020-01-21T08:09:54.259Z] [worker-api-e01fbb66-73dc-45a7-a311-ff7a8a458dc9]: Assigning socketPath: /var/folders/f1/9b35xs7n3f77fbc1hz_8fx880000gn/T/fire_emu_3485.sock
[debug] [2020-01-21T08:09:54.259Z] [worker-api-e01fbb66-73dc-45a7-a311-ff7a8a458dc9]: BUSY
[debug] [2020-01-21T08:09:54.260Z] [work-queue] {"queueLength":1,"workRunningCount":1}
[debug] [2020-01-21T08:09:54.260Z] [work-queue] {"queueLength":0,"workRunningCount":2}
[debug] [2020-01-21T08:09:54.260Z] Accepted request GET /cayghe-621b3/us-central1/api/get-product-related/ultraboost-s&l-glow-orange-coral --> api
[debug] [2020-01-21T08:09:54.260Z] [worker-pool] submitWork(triggerId=api)
[debug] [2020-01-21T08:09:54.260Z] [worker-api-c6356be3-ebec-4092-844d-f277b715d3d7]: Assigning socketPath: /var/folders/f1/9b35xs7n3f77fbc1hz_8fx880000gn/T/fire_emu_3510.sock
[debug] [2020-01-21T08:09:54.260Z] [worker-api-c6356be3-ebec-4092-844d-f277b715d3d7]: BUSY
[debug] [2020-01-21T08:09:54.260Z] [runtime-status] [3485] Trigger "api" has been found, beginning invocation!
[info] i  functions: Beginning execution of "api"
[debug] [2020-01-21T08:09:54.260Z] [runtime-status] [3485] triggerDefinition {"httpsTrigger":{},"name":"api","entryPoint":"api"}
[debug] [2020-01-21T08:09:54.260Z] [runtime-status] [3485] Running api in mode HTTPS
[debug] [2020-01-21T08:09:54.261Z] [runtime-status] [3485] Attempting to listen to socketPath: /var/folders/f1/9b35xs7n3f77fbc1hz_8fx880000gn/T/fire_emu_3485.sock
[debug] [2020-01-21T08:09:54.261Z] [functions] Runtime ready! Sending request!
[debug] [2020-01-21T08:09:54.262Z] [runtime-status] [3510] Trigger "api" has been found, beginning invocation!
[info] i  functions: Beginning execution of "api"
[debug] [2020-01-21T08:09:54.262Z] [runtime-status] [3510] triggerDefinition {"httpsTrigger":{},"name":"api","entryPoint":"api"}
[debug] [2020-01-21T08:09:54.262Z] [runtime-status] [3510] Running api in mode HTTPS
[debug] [2020-01-21T08:09:54.262Z] [runtime-status] [3510] Attempting to listen to socketPath: /var/folders/f1/9b35xs7n3f77fbc1hz_8fx880000gn/T/fire_emu_3510.sock
[debug] [2020-01-21T08:09:54.263Z] [functions] Runtime ready! Sending request!
[debug] [2020-01-21T08:09:54.266Z] [runtime-status] [3485] Ephemeral server handling GET request
[debug] [2020-01-21T08:09:54.267Z] [runtime-status] [3510] Ephemeral server handling GET request
[debug] [2020-01-21T08:09:54.267Z] [runtime-status] [3485] Ephemeral server survived.
[debug] [2020-01-21T08:09:54.267Z] [runtime-status] [3510] Ephemeral server survived.
[info] i  functions: Finished "api" in ~1s
[debug] [2020-01-21T08:09:54.478Z] [worker-api-c6356be3-ebec-4092-844d-f277b715d3d7]: IDLE
[debug] [2020-01-21T08:09:54.478Z] [work-queue] {"queueLength":0,"workRunningCount":1}
[info] >  [2020-01-21T08:09:54.494Z]  @firebase/database: FIREBASE WARNING: Using an unspecified index. Your data will be downloaded and filtered on the client. Consider adding ".indexOn": "alias" at /products to your security rules for better performance. 
[info] i  functions: Finished "api" in ~1s
[debug] [2020-01-21T08:09:54.496Z] [worker-api-e01fbb66-73dc-45a7-a311-ff7a8a458dc9]: IDLE
[debug] [2020-01-21T08:09:54.496Z] [work-queue] {"queueLength":0,"workRunningCount":0}
[debug] [2020-01-21T08:09:58.241Z] [work-queue] {"queueLength":1,"workRunningCount":0}
[debug] [2020-01-21T08:09:58.242Z] [work-queue] {"queueLength":0,"workRunningCount":1}
[debug] [2020-01-21T08:09:58.242Z] Accepted request GET /cayghe-621b3/us-central1/api/get-product/adidas-yung-1-collegiate-navy --> api
[debug] [2020-01-21T08:09:58.242Z] [worker-pool] submitWork(triggerId=api)
[debug] [2020-01-21T08:09:58.242Z] [worker-api-e01fbb66-73dc-45a7-a311-ff7a8a458dc9]: Assigning socketPath: /var/folders/f1/9b35xs7n3f77fbc1hz_8fx880000gn/T/fire_emu_3485.sock
[debug] [2020-01-21T08:09:58.242Z] [worker-api-e01fbb66-73dc-45a7-a311-ff7a8a458dc9]: BUSY
[debug] [2020-01-21T08:09:58.242Z] [runtime-status] [3485] Trigger "api" has been found, beginning invocation!
[info] i  functions: Beginning execution of "api"
[debug] [2020-01-21T08:09:58.243Z] [runtime-status] [3485] triggerDefinition {"httpsTrigger":{},"name":"api","entryPoint":"api"}
[debug] [2020-01-21T08:09:58.243Z] [runtime-status] [3485] Running api in mode HTTPS
[debug] [2020-01-21T08:09:58.243Z] [work-queue] {"queueLength":1,"workRunningCount":1}
[debug] [2020-01-21T08:09:58.244Z] [work-queue] {"queueLength":0,"workRunningCount":2}
[debug] [2020-01-21T08:09:58.244Z] Accepted request GET /cayghe-621b3/us-central1/api/get-product-related/adidas-yung-1-collegiate-navy --> api
[debug] [2020-01-21T08:09:58.244Z] [worker-pool] submitWork(triggerId=api)
[debug] [2020-01-21T08:09:58.244Z] [worker-api-c6356be3-ebec-4092-844d-f277b715d3d7]: Assigning socketPath: /var/folders/f1/9b35xs7n3f77fbc1hz_8fx880000gn/T/fire_emu_3510.sock
[debug] [2020-01-21T08:09:58.244Z] [worker-api-c6356be3-ebec-4092-844d-f277b715d3d7]: BUSY
[debug] [2020-01-21T08:09:58.244Z] [runtime-status] [3485] Attempting to listen to socketPath: /var/folders/f1/9b35xs7n3f77fbc1hz_8fx880000gn/T/fire_emu_3485.sock
[debug] [2020-01-21T08:09:58.245Z] [functions] Runtime ready! Sending request!
[debug] [2020-01-21T08:09:58.246Z] [runtime-status] [3510] Trigger "api" has been found, beginning invocation!
[info] i  functions: Beginning execution of "api"
[debug] [2020-01-21T08:09:58.246Z] [runtime-status] [3510] triggerDefinition {"httpsTrigger":{},"name":"api","entryPoint":"api"}
[debug] [2020-01-21T08:09:58.246Z] [runtime-status] [3510] Running api in mode HTTPS
[debug] [2020-01-21T08:09:58.246Z] [runtime-status] [3510] Attempting to listen to socketPath: /var/folders/f1/9b35xs7n3f77fbc1hz_8fx880000gn/T/fire_emu_3510.sock
[debug] [2020-01-21T08:09:58.247Z] [functions] Runtime ready! Sending request!
[debug] [2020-01-21T08:09:58.249Z] [runtime-status] [3485] Ephemeral server handling GET request
[debug] [2020-01-21T08:09:58.249Z] [runtime-status] [3485] Ephemeral server survived.
[debug] [2020-01-21T08:09:58.249Z] [runtime-status] [3510] Ephemeral server handling GET request
[debug] [2020-01-21T08:09:58.250Z] [runtime-status] [3510] Ephemeral server survived.
[info] i  functions: Finished "api" in ~1s
[debug] [2020-01-21T08:09:58.460Z] [worker-api-c6356be3-ebec-4092-844d-f277b715d3d7]: IDLE
[debug] [2020-01-21T08:09:58.460Z] [work-queue] {"queueLength":0,"workRunningCount":1}
[info] >  [2020-01-21T08:09:58.475Z]  @firebase/database: FIREBASE WARNING: Using an unspecified index. Your data will be downloaded and filtered on the client. Consider adding ".indexOn": "alias" at /products to your security rules for better performance. 
[info] i  functions: Finished "api" in ~1s
[debug] [2020-01-21T08:09:58.477Z] [worker-api-e01fbb66-73dc-45a7-a311-ff7a8a458dc9]: IDLE
[debug] [2020-01-21T08:09:58.477Z] [work-queue] {"queueLength":0,"workRunningCount":0}
[debug] [2020-01-21T08:11:34.192Z] [work-queue] {"queueLength":1,"workRunningCount":0}
[debug] [2020-01-21T08:11:34.192Z] [work-queue] {"queueLength":0,"workRunningCount":1}
[debug] [2020-01-21T08:11:34.193Z] Accepted request GET /cayghe-621b3/us-central1/api/get-product/adidas-yung-1-collegiate-navy --> api
[debug] [2020-01-21T08:11:34.193Z] [worker-pool] submitWork(triggerId=api)
[debug] [2020-01-21T08:11:34.193Z] [worker-api-e01fbb66-73dc-45a7-a311-ff7a8a458dc9]: Assigning socketPath: /var/folders/f1/9b35xs7n3f77fbc1hz_8fx880000gn/T/fire_emu_3485.sock
[debug] [2020-01-21T08:11:34.193Z] [worker-api-e01fbb66-73dc-45a7-a311-ff7a8a458dc9]: BUSY
[debug] [2020-01-21T08:11:34.193Z] [work-queue] {"queueLength":1,"workRunningCount":1}
[debug] [2020-01-21T08:11:34.193Z] [work-queue] {"queueLength":0,"workRunningCount":2}
[debug] [2020-01-21T08:11:34.193Z] Accepted request GET /cayghe-621b3/us-central1/api/get-product-related/adidas-yung-1-collegiate-navy --> api
[debug] [2020-01-21T08:11:34.193Z] [worker-pool] submitWork(triggerId=api)
[debug] [2020-01-21T08:11:34.193Z] [worker-api-c6356be3-ebec-4092-844d-f277b715d3d7]: Assigning socketPath: /var/folders/f1/9b35xs7n3f77fbc1hz_8fx880000gn/T/fire_emu_3510.sock
[debug] [2020-01-21T08:11:34.193Z] [worker-api-c6356be3-ebec-4092-844d-f277b715d3d7]: BUSY
[debug] [2020-01-21T08:11:34.194Z] [runtime-status] [3485] Trigger "api" has been found, beginning invocation!
[info] i  functions: Beginning execution of "api"
[debug] [2020-01-21T08:11:34.194Z] [runtime-status] [3485] triggerDefinition {"httpsTrigger":{},"name":"api","entryPoint":"api"}
[debug] [2020-01-21T08:11:34.195Z] [runtime-status] [3485] Running api in mode HTTPS
[debug] [2020-01-21T08:11:34.195Z] [runtime-status] [3485] Attempting to listen to socketPath: /var/folders/f1/9b35xs7n3f77fbc1hz_8fx880000gn/T/fire_emu_3485.sock
[debug] [2020-01-21T08:11:34.195Z] [functions] Runtime ready! Sending request!
[debug] [2020-01-21T08:11:34.197Z] [runtime-status] [3510] Trigger "api" has been found, beginning invocation!
[info] i  functions: Beginning execution of "api"
[debug] [2020-01-21T08:11:34.197Z] [runtime-status] [3510] triggerDefinition {"httpsTrigger":{},"name":"api","entryPoint":"api"}
[debug] [2020-01-21T08:11:34.197Z] [runtime-status] [3510] Running api in mode HTTPS
[debug] [2020-01-21T08:11:34.197Z] [runtime-status] [3510] Attempting to listen to socketPath: /var/folders/f1/9b35xs7n3f77fbc1hz_8fx880000gn/T/fire_emu_3510.sock
[debug] [2020-01-21T08:11:34.198Z] [functions] Runtime ready! Sending request!
[debug] [2020-01-21T08:11:34.201Z] [runtime-status] [3485] Ephemeral server handling GET request
[debug] [2020-01-21T08:11:34.201Z] [runtime-status] [3485] Ephemeral server survived.
[debug] [2020-01-21T08:11:34.204Z] [runtime-status] [3510] Ephemeral server handling GET request
[debug] [2020-01-21T08:11:34.204Z] [runtime-status] [3510] Ephemeral server survived.
[info] i  functions: Finished "api" in ~1s
[debug] [2020-01-21T08:11:34.413Z] [worker-api-c6356be3-ebec-4092-844d-f277b715d3d7]: IDLE
[debug] [2020-01-21T08:11:34.413Z] [work-queue] {"queueLength":0,"workRunningCount":1}
[info] >  [2020-01-21T08:11:34.430Z]  @firebase/database: FIREBASE WARNING: Using an unspecified index. Your data will be downloaded and filtered on the client. Consider adding ".indexOn": "alias" at /products to your security rules for better performance. 
[info] i  functions: Finished "api" in ~1s
[debug] [2020-01-21T08:11:34.432Z] [worker-api-e01fbb66-73dc-45a7-a311-ff7a8a458dc9]: IDLE
[debug] [2020-01-21T08:11:34.432Z] [work-queue] {"queueLength":0,"workRunningCount":0}
[debug] [2020-01-21T08:11:39.899Z] [work-queue] {"queueLength":1,"workRunningCount":0}
[debug] [2020-01-21T08:11:39.900Z] [work-queue] {"queueLength":0,"workRunningCount":1}
[debug] [2020-01-21T08:11:39.900Z] Accepted request GET /cayghe-621b3/us-central1/api/get-product/ultraboost-s&l-glow-orange-coral --> api
[debug] [2020-01-21T08:11:39.900Z] [worker-pool] submitWork(triggerId=api)
[debug] [2020-01-21T08:11:39.900Z] [worker-api-e01fbb66-73dc-45a7-a311-ff7a8a458dc9]: Assigning socketPath: /var/folders/f1/9b35xs7n3f77fbc1hz_8fx880000gn/T/fire_emu_3485.sock
[debug] [2020-01-21T08:11:39.900Z] [worker-api-e01fbb66-73dc-45a7-a311-ff7a8a458dc9]: BUSY
[debug] [2020-01-21T08:11:39.900Z] [work-queue] {"queueLength":1,"workRunningCount":1}
[debug] [2020-01-21T08:11:39.900Z] [work-queue] {"queueLength":0,"workRunningCount":2}
[debug] [2020-01-21T08:11:39.900Z] Accepted request GET /cayghe-621b3/us-central1/api/get-product-related/ultraboost-s&l-glow-orange-coral --> api
[debug] [2020-01-21T08:11:39.900Z] [worker-pool] submitWork(triggerId=api)
[debug] [2020-01-21T08:11:39.901Z] [worker-api-c6356be3-ebec-4092-844d-f277b715d3d7]: Assigning socketPath: /var/folders/f1/9b35xs7n3f77fbc1hz_8fx880000gn/T/fire_emu_3510.sock
[debug] [2020-01-21T08:11:39.901Z] [worker-api-c6356be3-ebec-4092-844d-f277b715d3d7]: BUSY
[debug] [2020-01-21T08:11:39.901Z] [runtime-status] [3485] Trigger "api" has been found, beginning invocation!
[info] i  functions: Beginning execution of "api"
[debug] [2020-01-21T08:11:39.901Z] [runtime-status] [3485] triggerDefinition {"httpsTrigger":{},"name":"api","entryPoint":"api"}
[debug] [2020-01-21T08:11:39.901Z] [runtime-status] [3485] Running api in mode HTTPS
[debug] [2020-01-21T08:11:39.902Z] [runtime-status] [3485] Attempting to listen to socketPath: /var/folders/f1/9b35xs7n3f77fbc1hz_8fx880000gn/T/fire_emu_3485.sock
[debug] [2020-01-21T08:11:39.902Z] [functions] Runtime ready! Sending request!
[debug] [2020-01-21T08:11:39.905Z] [runtime-status] [3510] Trigger "api" has been found, beginning invocation!
[info] i  functions: Beginning execution of "api"
[debug] [2020-01-21T08:11:39.906Z] [runtime-status] [3510] triggerDefinition {"httpsTrigger":{},"name":"api","entryPoint":"api"}
[debug] [2020-01-21T08:11:39.906Z] [runtime-status] [3510] Running api in mode HTTPS
[debug] [2020-01-21T08:11:39.906Z] [runtime-status] [3510] Attempting to listen to socketPath: /var/folders/f1/9b35xs7n3f77fbc1hz_8fx880000gn/T/fire_emu_3510.sock
[debug] [2020-01-21T08:11:39.907Z] [functions] Runtime ready! Sending request!
[debug] [2020-01-21T08:11:39.908Z] [runtime-status] [3485] Ephemeral server handling GET request
[debug] [2020-01-21T08:11:39.908Z] [runtime-status] [3485] Ephemeral server survived.
[debug] [2020-01-21T08:11:39.909Z] [runtime-status] [3510] Ephemeral server handling GET request
[debug] [2020-01-21T08:11:39.910Z] [runtime-status] [3510] Ephemeral server survived.
[info] i  functions: Finished "api" in ~1s
[debug] [2020-01-21T08:11:40.359Z] [worker-api-c6356be3-ebec-4092-844d-f277b715d3d7]: IDLE
[debug] [2020-01-21T08:11:40.359Z] [work-queue] {"queueLength":0,"workRunningCount":1}
[info] >  [2020-01-21T08:11:40.386Z]  @firebase/database: FIREBASE WARNING: Using an unspecified index. Your data will be downloaded and filtered on the client. Consider adding ".indexOn": "alias" at /products to your security rules for better performance. 
[info] i  functions: Finished "api" in ~1s
[debug] [2020-01-21T08:11:40.388Z] [worker-api-e01fbb66-73dc-45a7-a311-ff7a8a458dc9]: IDLE
[debug] [2020-01-21T08:11:40.388Z] [work-queue] {"queueLength":0,"workRunningCount":0}
[debug] [2020-01-21T08:14:48.600Z] [work-queue] {"queueLength":1,"workRunningCount":0}
[debug] [2020-01-21T08:14:48.601Z] [work-queue] {"queueLength":0,"workRunningCount":1}
[debug] [2020-01-21T08:14:48.601Z] Accepted request GET /cayghe-621b3/us-central1/api/get-list-products --> api
[debug] [2020-01-21T08:14:48.601Z] [worker-pool] submitWork(triggerId=api)
[debug] [2020-01-21T08:14:48.601Z] [worker-api-e01fbb66-73dc-45a7-a311-ff7a8a458dc9]: Assigning socketPath: /var/folders/f1/9b35xs7n3f77fbc1hz_8fx880000gn/T/fire_emu_3485.sock
[debug] [2020-01-21T08:14:48.601Z] [worker-api-e01fbb66-73dc-45a7-a311-ff7a8a458dc9]: BUSY
[debug] [2020-01-21T08:14:48.601Z] [runtime-status] [3485] Trigger "api" has been found, beginning invocation!
[info] i  functions: Beginning execution of "api"
[debug] [2020-01-21T08:14:48.602Z] [runtime-status] [3485] triggerDefinition {"httpsTrigger":{},"name":"api","entryPoint":"api"}
[debug] [2020-01-21T08:14:48.602Z] [runtime-status] [3485] Running api in mode HTTPS
[debug] [2020-01-21T08:14:48.602Z] [runtime-status] [3485] Attempting to listen to socketPath: /var/folders/f1/9b35xs7n3f77fbc1hz_8fx880000gn/T/fire_emu_3485.sock
[debug] [2020-01-21T08:14:48.604Z] [functions] Runtime ready! Sending request!
[debug] [2020-01-21T08:14:48.606Z] [runtime-status] [3485] Ephemeral server handling GET request
[debug] [2020-01-21T08:14:48.606Z] [runtime-status] [3485] Ephemeral server survived.
[info] i  functions: Finished "api" in ~1s
[debug] [2020-01-21T08:14:48.833Z] [worker-api-e01fbb66-73dc-45a7-a311-ff7a8a458dc9]: IDLE
[debug] [2020-01-21T08:14:48.833Z] [work-queue] {"queueLength":0,"workRunningCount":0}
[debug] [2020-01-21T08:15:34.808Z] [work-queue] {"queueLength":1,"workRunningCount":0}
[debug] [2020-01-21T08:15:34.808Z] [work-queue] {"queueLength":0,"workRunningCount":1}
[debug] [2020-01-21T08:15:34.808Z] Accepted request GET /cayghe-621b3/us-central1/api/get-list-products --> api
[debug] [2020-01-21T08:15:34.808Z] [worker-pool] submitWork(triggerId=api)
[debug] [2020-01-21T08:15:34.808Z] [worker-api-e01fbb66-73dc-45a7-a311-ff7a8a458dc9]: Assigning socketPath: /var/folders/f1/9b35xs7n3f77fbc1hz_8fx880000gn/T/fire_emu_3485.sock
[debug] [2020-01-21T08:15:34.808Z] [worker-api-e01fbb66-73dc-45a7-a311-ff7a8a458dc9]: BUSY
[debug] [2020-01-21T08:15:34.809Z] [runtime-status] [3485] Trigger "api" has been found, beginning invocation!
[info] i  functions: Beginning execution of "api"
[debug] [2020-01-21T08:15:34.810Z] [runtime-status] [3485] triggerDefinition {"httpsTrigger":{},"name":"api","entryPoint":"api"}
[debug] [2020-01-21T08:15:34.810Z] [runtime-status] [3485] Running api in mode HTTPS
[debug] [2020-01-21T08:15:34.810Z] [runtime-status] [3485] Attempting to listen to socketPath: /var/folders/f1/9b35xs7n3f77fbc1hz_8fx880000gn/T/fire_emu_3485.sock
[debug] [2020-01-21T08:15:34.814Z] [functions] Runtime ready! Sending request!
[debug] [2020-01-21T08:15:34.816Z] [runtime-status] [3485] Ephemeral server handling GET request
[debug] [2020-01-21T08:15:34.816Z] [runtime-status] [3485] Ephemeral server survived.
[info] i  functions: Finished "api" in ~1s
[debug] [2020-01-21T08:15:35.041Z] [worker-api-e01fbb66-73dc-45a7-a311-ff7a8a458dc9]: IDLE
[debug] [2020-01-21T08:15:35.041Z] [work-queue] {"queueLength":0,"workRunningCount":0}
[debug] [2020-01-21T08:15:44.327Z] [work-queue] {"queueLength":1,"workRunningCount":0}
[debug] [2020-01-21T08:15:44.327Z] [work-queue] {"queueLength":0,"workRunningCount":1}
[debug] [2020-01-21T08:15:44.327Z] Accepted request GET /cayghe-621b3/us-central1/api/get-list-products --> api
[debug] [2020-01-21T08:15:44.327Z] [worker-pool] submitWork(triggerId=api)
[debug] [2020-01-21T08:15:44.327Z] [worker-api-e01fbb66-73dc-45a7-a311-ff7a8a458dc9]: Assigning socketPath: /var/folders/f1/9b35xs7n3f77fbc1hz_8fx880000gn/T/fire_emu_3485.sock
[debug] [2020-01-21T08:15:44.327Z] [worker-api-e01fbb66-73dc-45a7-a311-ff7a8a458dc9]: BUSY
[debug] [2020-01-21T08:15:44.328Z] [runtime-status] [3485] Trigger "api" has been found, beginning invocation!
[info] i  functions: Beginning execution of "api"
[debug] [2020-01-21T08:15:44.328Z] [runtime-status] [3485] triggerDefinition {"httpsTrigger":{},"name":"api","entryPoint":"api"}
[debug] [2020-01-21T08:15:44.328Z] [runtime-status] [3485] Running api in mode HTTPS
[debug] [2020-01-21T08:15:44.328Z] [runtime-status] [3485] Attempting to listen to socketPath: /var/folders/f1/9b35xs7n3f77fbc1hz_8fx880000gn/T/fire_emu_3485.sock
[debug] [2020-01-21T08:15:44.329Z] [functions] Runtime ready! Sending request!
[debug] [2020-01-21T08:15:44.331Z] [runtime-status] [3485] Ephemeral server handling GET request
[debug] [2020-01-21T08:15:44.331Z] [runtime-status] [3485] Ephemeral server survived.
[info] i  functions: Finished "api" in ~1s
[debug] [2020-01-21T08:15:44.556Z] [worker-api-e01fbb66-73dc-45a7-a311-ff7a8a458dc9]: IDLE
[debug] [2020-01-21T08:15:44.556Z] [work-queue] {"queueLength":0,"workRunningCount":0}
[debug] [2020-01-21T08:18:31.269Z] [work-queue] {"queueLength":1,"workRunningCount":0}
[debug] [2020-01-21T08:18:31.269Z] [work-queue] {"queueLength":0,"workRunningCount":1}
[debug] [2020-01-21T08:18:31.269Z] Accepted request GET /cayghe-621b3/us-central1/api/get-product/ultraboost-s&l-glow-orange-coral --> api
[debug] [2020-01-21T08:18:31.269Z] [worker-pool] submitWork(triggerId=api)
[debug] [2020-01-21T08:18:31.269Z] [worker-api-e01fbb66-73dc-45a7-a311-ff7a8a458dc9]: Assigning socketPath: /var/folders/f1/9b35xs7n3f77fbc1hz_8fx880000gn/T/fire_emu_3485.sock
[debug] [2020-01-21T08:18:31.269Z] [worker-api-e01fbb66-73dc-45a7-a311-ff7a8a458dc9]: BUSY
[debug] [2020-01-21T08:18:31.270Z] [runtime-status] [3485] Trigger "api" has been found, beginning invocation!
[info] i  functions: Beginning execution of "api"
[debug] [2020-01-21T08:18:31.270Z] [runtime-status] [3485] triggerDefinition {"httpsTrigger":{},"name":"api","entryPoint":"api"}
[debug] [2020-01-21T08:18:31.270Z] [runtime-status] [3485] Running api in mode HTTPS
[debug] [2020-01-21T08:18:31.270Z] [runtime-status] [3485] Attempting to listen to socketPath: /var/folders/f1/9b35xs7n3f77fbc1hz_8fx880000gn/T/fire_emu_3485.sock
[debug] [2020-01-21T08:18:31.273Z] [functions] Runtime ready! Sending request!
[debug] [2020-01-21T08:18:31.275Z] [work-queue] {"queueLength":1,"workRunningCount":1}
[debug] [2020-01-21T08:18:31.275Z] [work-queue] {"queueLength":0,"workRunningCount":2}
[debug] [2020-01-21T08:18:31.275Z] Accepted request GET /cayghe-621b3/us-central1/api/get-product-related/ultraboost-s&l-glow-orange-coral --> api
[debug] [2020-01-21T08:18:31.275Z] [worker-pool] submitWork(triggerId=api)
[debug] [2020-01-21T08:18:31.275Z] [worker-api-c6356be3-ebec-4092-844d-f277b715d3d7]: Assigning socketPath: /var/folders/f1/9b35xs7n3f77fbc1hz_8fx880000gn/T/fire_emu_3510.sock
[debug] [2020-01-21T08:18:31.276Z] [worker-api-c6356be3-ebec-4092-844d-f277b715d3d7]: BUSY
[debug] [2020-01-21T08:18:31.276Z] [runtime-status] [3510] Trigger "api" has been found, beginning invocation!
[info] i  functions: Beginning execution of "api"
[debug] [2020-01-21T08:18:31.276Z] [runtime-status] [3510] triggerDefinition {"httpsTrigger":{},"name":"api","entryPoint":"api"}
[debug] [2020-01-21T08:18:31.277Z] [runtime-status] [3510] Running api in mode HTTPS
[debug] [2020-01-21T08:18:31.277Z] [runtime-status] [3485] Ephemeral server handling GET request
[debug] [2020-01-21T08:18:31.277Z] [runtime-status] [3485] Ephemeral server survived.
[debug] [2020-01-21T08:18:31.277Z] [runtime-status] [3510] Attempting to listen to socketPath: /var/folders/f1/9b35xs7n3f77fbc1hz_8fx880000gn/T/fire_emu_3510.sock
[debug] [2020-01-21T08:18:31.278Z] [functions] Runtime ready! Sending request!
[debug] [2020-01-21T08:18:31.280Z] [runtime-status] [3510] Ephemeral server handling GET request
[debug] [2020-01-21T08:18:31.280Z] [runtime-status] [3510] Ephemeral server survived.
[info] i  functions: Finished "api" in ~1s
[debug] [2020-01-21T08:18:31.489Z] [worker-api-c6356be3-ebec-4092-844d-f277b715d3d7]: IDLE
[debug] [2020-01-21T08:18:31.489Z] [work-queue] {"queueLength":0,"workRunningCount":1}
[info] >  [2020-01-21T08:18:31.502Z]  @firebase/database: FIREBASE WARNING: Using an unspecified index. Your data will be downloaded and filtered on the client. Consider adding ".indexOn": "alias" at /products to your security rules for better performance. 
[info] i  functions: Finished "api" in ~1s
[debug] [2020-01-21T08:18:31.503Z] [worker-api-e01fbb66-73dc-45a7-a311-ff7a8a458dc9]: IDLE
[debug] [2020-01-21T08:18:31.503Z] [work-queue] {"queueLength":0,"workRunningCount":0}
